2020-09-17 17:14:58,510 INFO o.s.b.StartupInfoLogger [main] Starting OctaApplication on DESKTOP-CNB72AV with PID 24480 (C:\Users\rafae\eclipse-workspace_java\ocat_hub\target\classes started by rafaelvalim in C:\Users\rafae\eclipse-workspace_java\ocat_hub)
2020-09-17 17:14:58,574 INFO o.s.b.SpringApplication [main] No active profile set, falling back to default profiles: default
2020-09-17 17:15:02,562 INFO o.s.d.r.c.RepositoryConfigurationDelegate [main] Bootstrapping Spring Data JPA repositories in DEFERRED mode.
2020-09-17 17:15:03,411 INFO o.s.d.r.c.RepositoryConfigurationDelegate [main] Finished Spring Data repository scanning in 821ms. Found 2 JPA repository interfaces.
2020-09-17 17:15:06,589 INFO o.s.b.w.e.t.TomcatWebServer [main] Tomcat initialized with port(s): 8080 (http)
2020-09-17 17:15:06,614 INFO o.a.j.l.DirectJDKLog [main] Initializing ProtocolHandler ["http-nio-8080"]
2020-09-17 17:15:06,614 INFO o.a.j.l.DirectJDKLog [main] Starting service [Tomcat]
2020-09-17 17:15:06,616 INFO o.a.j.l.DirectJDKLog [main] Starting Servlet engine: [Apache Tomcat/9.0.37]
2020-09-17 17:15:06,890 INFO o.a.j.l.DirectJDKLog [main] Initializing Spring embedded WebApplicationContext
2020-09-17 17:15:06,890 INFO o.s.b.w.s.c.ServletWebServerApplicationContext [main] Root WebApplicationContext: initialization completed in 7333 ms
2020-09-17 17:15:07,848 INFO o.s.s.c.ExecutorConfigurationSupport [main] Initializing ExecutorService 'taskScheduler'
2020-09-17 17:15:08,151 INFO o.h.j.i.u.LogHelper [scheduling-1] HHH000204: Processing PersistenceUnitInfo [name: default]
2020-09-17 17:15:08,425 INFO o.h.Version [scheduling-1] HHH000412: Hibernate ORM core version 5.4.20.Final
2020-09-17 17:15:09,169 INFO o.h.a.c.r.j.JavaReflectionManager [scheduling-1] HCANN000001: Hibernate Commons Annotations {5.1.0.Final}
2020-09-17 17:15:09,565 INFO o.s.s.c.ExecutorConfigurationSupport [main] Initializing ExecutorService
2020-09-17 17:15:09,568 INFO o.s.s.c.ExecutorConfigurationSupport [main] Initializing ExecutorService 'fileExecutor'
2020-09-17 17:15:09,641 INFO c.z.h.HikariDataSource [scheduling-1] HikariPool-1 - Starting...
2020-09-17 17:15:09,704 WARN o.s.b.a.o.j.JpaBaseConfiguration$JpaWebConfiguration [main] spring.jpa.open-in-view is enabled by default. Therefore, database queries may be performed during view rendering. Explicitly configure spring.jpa.open-in-view to disable this warning
2020-09-17 17:15:10,344 INFO c.z.h.HikariDataSource [scheduling-1] HikariPool-1 - Start completed.
2020-09-17 17:15:10,545 INFO o.h.d.Dialect [scheduling-1] HHH000400: Using dialect: org.hibernate.dialect.MySQL55Dialect
2020-09-17 17:15:14,294 INFO o.h.e.t.j.p.i.JtaPlatformInitiator [scheduling-1] HHH000490: Using JtaPlatform implementation: [org.hibernate.engine.transaction.jta.platform.internal.NoJtaPlatform]
2020-09-17 17:15:14,317 INFO o.s.o.j.AbstractEntityManagerFactoryBean [scheduling-1] Initialized JPA EntityManagerFactory for persistence unit 'default'
2020-09-17 17:15:14,455 INFO o.s.b.a.e.w.EndpointLinksResolver [main] Exposing 15 endpoint(s) beneath base path '/actuator'
2020-09-17 17:15:14,543 INFO o.a.j.l.DirectJDKLog [main] Starting ProtocolHandler ["http-nio-8080"]
2020-09-17 17:15:14,705 INFO o.s.b.w.e.t.TomcatWebServer [main] Tomcat started on port(s): 8080 (http) with context path ''
2020-09-17 17:15:14,708 INFO o.s.d.r.c.DeferredRepositoryInitializationListener [main] Triggering deferred initialization of Spring Data repositories…
2020-09-17 17:15:15,066 INFO o.a.j.l.DirectJDKLog [http-nio-8080-exec-10] Initializing Spring DispatcherServlet 'dispatcherServlet'
2020-09-17 17:15:15,069 INFO o.s.w.s.FrameworkServlet [http-nio-8080-exec-10] Initializing Servlet 'dispatcherServlet'
2020-09-17 17:15:15,828 INFO o.s.d.r.c.DeferredRepositoryInitializationListener [main] Spring Data repositories initialized!
2020-09-17 17:15:15,840 INFO o.s.w.s.FrameworkServlet [http-nio-8080-exec-10] Completed initialization in 771 ms
2020-09-17 17:15:15,865 INFO o.s.b.StartupInfoLogger [main] Started OctaApplication in 18.678 seconds (JVM running for 21.267)
2020-09-17 17:15:15,918 INFO b.c.o.c.Scheduler [scheduling-1] Scheduler :: getInfoHomsoft
2020-09-17 17:15:15,956 INFO o.h.c.Configuration [scheduling-1] Hibersap Version 1.3.0
2020-09-17 17:15:16,724 INFO o.h.c.AnnotationConfiguration [scheduling-1] Mapping BAPI class br.com.octa.sap.FlightListBapi
2020-09-17 17:15:16,761 INFO o.h.c.AnnotationConfiguration [scheduling-1] Mapping BAPI class br.com.octa.sap.SusrUserChangePasswordRfc
2020-09-17 17:15:16,763 INFO o.h.c.AnnotationConfiguration [scheduling-1] Mapping BAPI class br.com.octa.sap.UserUnlock
2020-09-17 17:15:16,765 INFO o.h.c.AnnotationConfiguration [scheduling-1] Mapping BAPI class br.com.octa.sap.UserLock
2020-09-17 17:15:16,767 INFO o.h.c.AnnotationConfiguration [scheduling-1] Mapping BAPI class br.com.octa.sap.OctaResetPassword
2020-09-17 17:15:16,771 INFO o.h.c.AnnotationConfiguration [scheduling-1] Mapping BAPI class br.com.octa.sap.StumWpServerActivity
2020-09-17 17:15:16,783 INFO o.h.c.AnnotationConfiguration [scheduling-1] Mapping BAPI class br.com.octa.sap.OctaCoundDoc
2020-09-17 17:15:16,806 INFO o.h.e.j.JCoEnvironment [scheduling-1] Using SAP JCo - java.library.path=C:\Program Files\Java\jre1.8.0_241\bin;C:\WINDOWS\Sun\Java\bin;C:\WINDOWS\system32;C:\WINDOWS;C:/Program Files/Java/jre1.8.0_231/bin/server;C:/Program Files/Java/jre1.8.0_231/bin;C:/Program Files/Java/jre1.8.0_231/lib/amd64;C:\Python27\;C:\Python27\Scripts;C:\ProgramData\Oracle\Java\javapath;C:\Program Files (x86)\Common Files\Oracle\Java\javapath;C:\Windows\system32;C:\Windows;C:\Windows\System32\Wbem;C:\Windows\System32\WindowsPowerShell\v1.0\;C:\Windows\System32\OpenSSH\;C:\Program Files (x86)\NVIDIA Corporation\PhysX\Common;C:\Program Files\Git\cmd;C:\Program Files\nodejs\;C:\ProgramData\chocolatey\bin;C:\Program Files\dotnet\;C:\Program Files\Microsoft SQL Server\130\Tools\Binn\;C:\Program Files\Microsoft SQL Server\Client SDK\ODBC\170\Tools\Binn\;C:\Program Files\PuTTY\;C:\Program Files (x86)\SAP\Intelligent RPA\jre\bin\;C:\Program Files (x86)\SAP\Intelligent RPA\node\;C:\WINDOWS\system32;C:\WINDOWS;C:\WINDOWS\System32\Wbem;C:\WINDOWS\System32\WindowsPowerShell\v1.0\;C:\WINDOWS\System32\OpenSSH\;C:\xampp\php;C:\composer;C:\Users\rafae\AppData\Local\Microsoft\WindowsApps;C:\Users\rafae\AppData\Roaming\npm;C:\Users\rafae\AppData\Local\Programs\Microsoft VS Code\bin;C:\Program Files\MongoDB\Server\4.2\bin;C:\Users\rafae\AppData\Local\Android\Sdk\emulator;C:\Users\rafae\AppData\Local\Android\Sdk\tools;C:\Users\rafae\AppData\Local\Android\Sdk\cmdline-tools\latest\bin;C:\Users\rafae\AppData\Local\Android\Sdk\platform-tools;C:\Users\rafae\AppData\Roaming\Composer\vendor\bin;C:\Infrastructure\instantclient_19_8\;C:\Infrastructure\apache-maven-3.6.3-bin\apache-maven-3.6.3\bin;;C:\Users\rafae\Desktop;;.
2020-09-17 17:15:16,807 INFO o.h.e.j.JCoEnvironment [scheduling-1] Registering destination A12
2020-09-17 17:15:16,807 INFO o.h.e.j.JCoEnvironment [scheduling-1] Registering DestinationDataProvider with JCo
2020-09-17 17:15:17,391 INFO o.h.c.Configuration [scheduling-1] Building SessionManager 'A12'
2020-09-17 17:15:17,419 INFO o.h.v.BeanValidationActivator [scheduling-1] Bean Validation will not be used because class javax.validation.Validation was not found in classpath while ValidationMode is AUTO
2020-09-17 17:15:29,821 INFO b.c.o.c.Scheduler [scheduling-1] [EntradaDocsHomsoft(entradaDocsHomsoftId=EntradaDocsHomsoftId(tipo=CTE, dataDe=Tue Jan 01 00:00:00 BRST 2019, dataAte=Fri Mar 01 00:00:00 BRT 2019), qtd=4.000, dataUltimaMod=Thu Sep 17 17:15:22 BRT 2020), EntradaDocsHomsoft(entradaDocsHomsoftId=EntradaDocsHomsoftId(tipo=NFE, dataDe=Tue Jan 01 00:00:00 BRST 2019, dataAte=Fri Mar 01 00:00:00 BRT 2019), qtd=16.000, dataUltimaMod=Thu Sep 17 17:15:22 BRT 2020)]
2020-09-17 17:15:36,155 DEBUG o.h.e.j.s.SqlStatementLogger [scheduling-1] 
    select
        entradadoc0_.data_ate as data_ate1_1_0_,
        entradadoc0_.data_de as data_de2_1_0_,
        entradadoc0_.tipo as tipo3_1_0_,
        entradadoc0_.data_ultima_mod as data_ult4_1_0_,
        entradadoc0_.qtd as qtd5_1_0_ 
    from
        entrada_docs_homsoft entradadoc0_ 
    where
        entradadoc0_.data_ate=? 
        and entradadoc0_.data_de=? 
        and entradadoc0_.tipo=?
2020-09-17 17:15:36,200 TRACE o.h.t.d.s.BasicBinder [scheduling-1] binding parameter [1] as [TIMESTAMP] - [Fri Mar 01 00:00:00 BRT 2019]
2020-09-17 17:15:36,204 TRACE o.h.t.d.s.BasicBinder [scheduling-1] binding parameter [2] as [TIMESTAMP] - [Tue Jan 01 00:00:00 BRST 2019]
2020-09-17 17:15:36,206 TRACE o.h.t.d.s.BasicBinder [scheduling-1] binding parameter [3] as [VARCHAR] - [CTE]
2020-09-17 17:15:36,250 DEBUG o.h.e.j.s.SqlStatementLogger [scheduling-1] 
    select
        entradadoc0_.data_ate as data_ate1_1_0_,
        entradadoc0_.data_de as data_de2_1_0_,
        entradadoc0_.tipo as tipo3_1_0_,
        entradadoc0_.data_ultima_mod as data_ult4_1_0_,
        entradadoc0_.qtd as qtd5_1_0_ 
    from
        entrada_docs_homsoft entradadoc0_ 
    where
        entradadoc0_.data_ate=? 
        and entradadoc0_.data_de=? 
        and entradadoc0_.tipo=?
2020-09-17 17:15:36,253 TRACE o.h.t.d.s.BasicBinder [scheduling-1] binding parameter [1] as [TIMESTAMP] - [Fri Mar 01 00:00:00 BRT 2019]
2020-09-17 17:15:36,253 TRACE o.h.t.d.s.BasicBinder [scheduling-1] binding parameter [2] as [TIMESTAMP] - [Tue Jan 01 00:00:00 BRST 2019]
2020-09-17 17:15:36,254 TRACE o.h.t.d.s.BasicBinder [scheduling-1] binding parameter [3] as [VARCHAR] - [NFE]
2020-09-17 17:15:36,292 DEBUG o.h.e.j.s.SqlStatementLogger [scheduling-1] 
    insert 
    into
        entrada_docs_homsoft
        (data_ultima_mod, qtd, data_ate, data_de, tipo) 
    values
        (?, ?, ?, ?, ?)
2020-09-17 17:15:36,296 TRACE o.h.t.d.s.BasicBinder [scheduling-1] binding parameter [1] as [TIMESTAMP] - [Thu Sep 17 17:15:22 BRT 2020]
2020-09-17 17:15:36,300 TRACE o.h.t.d.s.BasicBinder [scheduling-1] binding parameter [2] as [NUMERIC] - [4.000]
2020-09-17 17:15:36,301 TRACE o.h.t.d.s.BasicBinder [scheduling-1] binding parameter [3] as [TIMESTAMP] - [Fri Mar 01 00:00:00 BRT 2019]
2020-09-17 17:15:36,302 TRACE o.h.t.d.s.BasicBinder [scheduling-1] binding parameter [4] as [TIMESTAMP] - [Tue Jan 01 00:00:00 BRST 2019]
2020-09-17 17:15:36,304 TRACE o.h.t.d.s.BasicBinder [scheduling-1] binding parameter [5] as [VARCHAR] - [CTE]
2020-09-17 17:15:36,308 DEBUG o.h.e.j.s.SqlStatementLogger [scheduling-1] 
    insert 
    into
        entrada_docs_homsoft
        (data_ultima_mod, qtd, data_ate, data_de, tipo) 
    values
        (?, ?, ?, ?, ?)
2020-09-17 17:15:36,312 TRACE o.h.t.d.s.BasicBinder [scheduling-1] binding parameter [1] as [TIMESTAMP] - [Thu Sep 17 17:15:22 BRT 2020]
2020-09-17 17:15:36,312 TRACE o.h.t.d.s.BasicBinder [scheduling-1] binding parameter [2] as [NUMERIC] - [16.000]
2020-09-17 17:15:36,313 TRACE o.h.t.d.s.BasicBinder [scheduling-1] binding parameter [3] as [TIMESTAMP] - [Fri Mar 01 00:00:00 BRT 2019]
2020-09-17 17:15:36,314 TRACE o.h.t.d.s.BasicBinder [scheduling-1] binding parameter [4] as [TIMESTAMP] - [Tue Jan 01 00:00:00 BRST 2019]
2020-09-17 17:15:36,314 TRACE o.h.t.d.s.BasicBinder [scheduling-1] binding parameter [5] as [VARCHAR] - [NFE]
2020-09-17 17:15:36,325 INFO b.c.o.c.Scheduler [scheduling-1] Scheduler :: getInfoHomsoft
2020-09-17 17:15:36,342 INFO o.h.c.AnnotationConfiguration [scheduling-1] Mapping BAPI class br.com.octa.sap.FlightListBapi
2020-09-17 17:15:36,342 INFO o.h.c.AnnotationConfiguration [scheduling-1] Mapping BAPI class br.com.octa.sap.SusrUserChangePasswordRfc
2020-09-17 17:15:36,343 INFO o.h.c.AnnotationConfiguration [scheduling-1] Mapping BAPI class br.com.octa.sap.UserUnlock
2020-09-17 17:15:36,343 INFO o.h.c.AnnotationConfiguration [scheduling-1] Mapping BAPI class br.com.octa.sap.UserLock
2020-09-17 17:15:36,344 INFO o.h.c.AnnotationConfiguration [scheduling-1] Mapping BAPI class br.com.octa.sap.OctaResetPassword
2020-09-17 17:15:36,344 INFO o.h.c.AnnotationConfiguration [scheduling-1] Mapping BAPI class br.com.octa.sap.StumWpServerActivity
2020-09-17 17:15:36,345 INFO o.h.c.AnnotationConfiguration [scheduling-1] Mapping BAPI class br.com.octa.sap.OctaCoundDoc
2020-09-17 17:15:36,346 INFO o.h.e.j.JCoEnvironment [scheduling-1] Registering destination A12
2020-09-17 17:15:36,346 INFO o.h.c.Configuration [scheduling-1] Building SessionManager 'A12'
2020-09-17 17:15:36,347 INFO o.h.v.BeanValidationActivator [scheduling-1] Bean Validation will not be used because class javax.validation.Validation was not found in classpath while ValidationMode is AUTO
2020-09-17 17:15:45,873 INFO b.c.o.c.Scheduler [scheduling-1] [EntradaDocsHomsoft(entradaDocsHomsoftId=EntradaDocsHomsoftId(tipo=CTE, dataDe=Tue Jan 01 00:00:00 BRST 2019, dataAte=Fri Mar 01 00:00:00 BRT 2019), qtd=4.000, dataUltimaMod=Thu Sep 17 17:15:42 BRT 2020), EntradaDocsHomsoft(entradaDocsHomsoftId=EntradaDocsHomsoftId(tipo=NFE, dataDe=Tue Jan 01 00:00:00 BRST 2019, dataAte=Fri Mar 01 00:00:00 BRT 2019), qtd=16.000, dataUltimaMod=Thu Sep 17 17:15:42 BRT 2020)]
2020-09-17 17:15:55,464 DEBUG o.h.e.j.s.SqlStatementLogger [scheduling-1] 
    select
        entradadoc0_.data_ate as data_ate1_1_0_,
        entradadoc0_.data_de as data_de2_1_0_,
        entradadoc0_.tipo as tipo3_1_0_,
        entradadoc0_.data_ultima_mod as data_ult4_1_0_,
        entradadoc0_.qtd as qtd5_1_0_ 
    from
        entrada_docs_homsoft entradadoc0_ 
    where
        entradadoc0_.data_ate=? 
        and entradadoc0_.data_de=? 
        and entradadoc0_.tipo=?
2020-09-17 17:15:55,491 TRACE o.h.t.d.s.BasicBinder [scheduling-1] binding parameter [1] as [TIMESTAMP] - [Fri Mar 01 00:00:00 BRT 2019]
2020-09-17 17:15:55,511 TRACE o.h.t.d.s.BasicBinder [scheduling-1] binding parameter [2] as [TIMESTAMP] - [Tue Jan 01 00:00:00 BRST 2019]
2020-09-17 17:15:55,524 TRACE o.h.t.d.s.BasicBinder [scheduling-1] binding parameter [3] as [VARCHAR] - [CTE]
2020-09-17 17:15:56,033 DEBUG o.h.e.j.s.SqlStatementLogger [scheduling-1] 
    select
        entradadoc0_.data_ate as data_ate1_1_0_,
        entradadoc0_.data_de as data_de2_1_0_,
        entradadoc0_.tipo as tipo3_1_0_,
        entradadoc0_.data_ultima_mod as data_ult4_1_0_,
        entradadoc0_.qtd as qtd5_1_0_ 
    from
        entrada_docs_homsoft entradadoc0_ 
    where
        entradadoc0_.data_ate=? 
        and entradadoc0_.data_de=? 
        and entradadoc0_.tipo=?
2020-09-17 17:15:56,056 TRACE o.h.t.d.s.BasicBinder [scheduling-1] binding parameter [1] as [TIMESTAMP] - [Fri Mar 01 00:00:00 BRT 2019]
2020-09-17 17:15:56,073 TRACE o.h.t.d.s.BasicBinder [scheduling-1] binding parameter [2] as [TIMESTAMP] - [Tue Jan 01 00:00:00 BRST 2019]
2020-09-17 17:15:56,087 TRACE o.h.t.d.s.BasicBinder [scheduling-1] binding parameter [3] as [VARCHAR] - [NFE]
2020-09-17 17:15:56,202 DEBUG o.h.e.j.s.SqlStatementLogger [scheduling-1] 
    update
        entrada_docs_homsoft 
    set
        data_ultima_mod=?,
        qtd=? 
    where
        data_ate=? 
        and data_de=? 
        and tipo=?
2020-09-17 17:15:56,221 TRACE o.h.t.d.s.BasicBinder [scheduling-1] binding parameter [1] as [TIMESTAMP] - [Thu Sep 17 17:15:42 BRT 2020]
2020-09-17 17:15:56,237 TRACE o.h.t.d.s.BasicBinder [scheduling-1] binding parameter [2] as [NUMERIC] - [4.000]
2020-09-17 17:15:56,245 TRACE o.h.t.d.s.BasicBinder [scheduling-1] binding parameter [3] as [TIMESTAMP] - [Fri Mar 01 00:00:00 BRT 2019]
2020-09-17 17:15:56,258 TRACE o.h.t.d.s.BasicBinder [scheduling-1] binding parameter [4] as [TIMESTAMP] - [Tue Jan 01 00:00:00 BRST 2019]
2020-09-17 17:15:56,268 TRACE o.h.t.d.s.BasicBinder [scheduling-1] binding parameter [5] as [VARCHAR] - [CTE]
2020-09-17 17:15:56,320 DEBUG o.h.e.j.s.SqlStatementLogger [scheduling-1] 
    update
        entrada_docs_homsoft 
    set
        data_ultima_mod=?,
        qtd=? 
    where
        data_ate=? 
        and data_de=? 
        and tipo=?
2020-09-17 17:15:56,336 TRACE o.h.t.d.s.BasicBinder [scheduling-1] binding parameter [1] as [TIMESTAMP] - [Thu Sep 17 17:15:42 BRT 2020]
2020-09-17 17:15:56,350 TRACE o.h.t.d.s.BasicBinder [scheduling-1] binding parameter [2] as [NUMERIC] - [16.000]
2020-09-17 17:15:56,363 TRACE o.h.t.d.s.BasicBinder [scheduling-1] binding parameter [3] as [TIMESTAMP] - [Fri Mar 01 00:00:00 BRT 2019]
2020-09-17 17:15:56,376 TRACE o.h.t.d.s.BasicBinder [scheduling-1] binding parameter [4] as [TIMESTAMP] - [Tue Jan 01 00:00:00 BRST 2019]
2020-09-17 17:15:56,388 TRACE o.h.t.d.s.BasicBinder [scheduling-1] binding parameter [5] as [VARCHAR] - [NFE]
2020-09-17 17:15:59,835 INFO b.c.o.c.Scheduler [scheduling-1] Scheduler :: getInfoHomsoft
2020-09-17 17:15:59,869 INFO o.h.c.AnnotationConfiguration [scheduling-1] Mapping BAPI class br.com.octa.sap.FlightListBapi
2020-09-17 17:15:59,869 INFO o.h.c.AnnotationConfiguration [scheduling-1] Mapping BAPI class br.com.octa.sap.SusrUserChangePasswordRfc
2020-09-17 17:15:59,870 INFO o.h.c.AnnotationConfiguration [scheduling-1] Mapping BAPI class br.com.octa.sap.UserUnlock
2020-09-17 17:15:59,871 INFO o.h.c.AnnotationConfiguration [scheduling-1] Mapping BAPI class br.com.octa.sap.UserLock
2020-09-17 17:15:59,871 INFO o.h.c.AnnotationConfiguration [scheduling-1] Mapping BAPI class br.com.octa.sap.OctaResetPassword
2020-09-17 17:15:59,872 INFO o.h.c.AnnotationConfiguration [scheduling-1] Mapping BAPI class br.com.octa.sap.StumWpServerActivity
2020-09-17 17:15:59,872 INFO o.h.c.AnnotationConfiguration [scheduling-1] Mapping BAPI class br.com.octa.sap.OctaCoundDoc
2020-09-17 17:15:59,873 INFO o.h.e.j.JCoEnvironment [scheduling-1] Registering destination A12
2020-09-17 17:15:59,873 INFO o.h.c.Configuration [scheduling-1] Building SessionManager 'A12'
2020-09-17 17:15:59,875 INFO o.h.v.BeanValidationActivator [scheduling-1] Bean Validation will not be used because class javax.validation.Validation was not found in classpath while ValidationMode is AUTO
